  canvas.cpp
F:\Desktop\Current\计图\ExperimenterSource\ExperimenterSource\Chapter3\Canvas\canvas.cpp(195,19): warning C4244: “初始化”: 从“double”转换到“int”，可能丢失数据
F:\Desktop\Current\计图\ExperimenterSource\ExperimenterSource\Chapter3\Canvas\canvas.cpp(402,30): warning C4305: “参数”: 从“double”到“GLfloat”截断
F:\Desktop\Current\计图\ExperimenterSource\ExperimenterSource\Chapter3\Canvas\canvas.cpp(404,42): warning C4244: “参数”: 从“int”转换到“GLfloat”，可能丢失数据
F:\Desktop\Current\计图\ExperimenterSource\ExperimenterSource\Chapter3\Canvas\canvas.cpp(404,33): warning C4244: “参数”: 从“double”转换到“GLfloat”，可能丢失数据
F:\Desktop\Current\计图\ExperimenterSource\ExperimenterSource\Chapter3\Canvas\canvas.cpp(404,19): warning C4244: “参数”: 从“double”转换到“GLfloat”，可能丢失数据
F:\Desktop\Current\计图\ExperimenterSource\ExperimenterSource\Chapter3\Canvas\canvas.cpp(409,42): warning C4244: “参数”: 从“int”转换到“GLfloat”，可能丢失数据
F:\Desktop\Current\计图\ExperimenterSource\ExperimenterSource\Chapter3\Canvas\canvas.cpp(409,33): warning C4244: “参数”: 从“double”转换到“GLfloat”，可能丢失数据
F:\Desktop\Current\计图\ExperimenterSource\ExperimenterSource\Chapter3\Canvas\canvas.cpp(409,19): warning C4244: “参数”: 从“double”转换到“GLfloat”，可能丢失数据
F:\Desktop\Current\计图\ExperimenterSource\ExperimenterSource\Chapter3\Canvas\canvas.cpp(415,32): warning C4244: “参数”: 从“double”转换到“GLfloat”，可能丢失数据
F:\Desktop\Current\计图\ExperimenterSource\ExperimenterSource\Chapter3\Canvas\canvas.cpp(415,18): warning C4244: “参数”: 从“double”转换到“GLfloat”，可能丢失数据
F:\Desktop\Current\计图\ExperimenterSource\ExperimenterSource\Chapter3\Canvas\canvas.cpp(423,30): warning C4305: “参数”: 从“double”到“GLfloat”截断
F:\Desktop\Current\计图\ExperimenterSource\ExperimenterSource\Chapter3\Canvas\canvas.cpp(425,46): warning C4244: “参数”: 从“double”转换到“GLfloat”，可能丢失数据
F:\Desktop\Current\计图\ExperimenterSource\ExperimenterSource\Chapter3\Canvas\canvas.cpp(425,33): warning C4244: “参数”: 从“double”转换到“GLfloat”，可能丢失数据
F:\Desktop\Current\计图\ExperimenterSource\ExperimenterSource\Chapter3\Canvas\canvas.cpp(425,19): warning C4244: “参数”: 从“double”转换到“GLfloat”，可能丢失数据
F:\Desktop\Current\计图\ExperimenterSource\ExperimenterSource\Chapter3\Canvas\canvas.cpp(430,46): warning C4244: “参数”: 从“double”转换到“GLfloat”，可能丢失数据
F:\Desktop\Current\计图\ExperimenterSource\ExperimenterSource\Chapter3\Canvas\canvas.cpp(430,33): warning C4244: “参数”: 从“double”转换到“GLfloat”，可能丢失数据
F:\Desktop\Current\计图\ExperimenterSource\ExperimenterSource\Chapter3\Canvas\canvas.cpp(430,19): warning C4244: “参数”: 从“double”转换到“GLfloat”，可能丢失数据
F:\Desktop\Current\计图\ExperimenterSource\ExperimenterSource\Chapter3\Canvas\canvas.cpp(435,34): warning C4244: “参数”: 从“double”转换到“GLfloat”，可能丢失数据
F:\Desktop\Current\计图\ExperimenterSource\ExperimenterSource\Chapter3\Canvas\canvas.cpp(435,19): warning C4244: “参数”: 从“double”转换到“GLfloat”，可能丢失数据
F:\Desktop\Current\计图\ExperimenterSource\ExperimenterSource\Chapter3\Canvas\canvas.cpp(436,34): warning C4244: “参数”: 从“double”转换到“GLfloat”，可能丢失数据
F:\Desktop\Current\计图\ExperimenterSource\ExperimenterSource\Chapter3\Canvas\canvas.cpp(436,19): warning C4244: “参数”: 从“double”转换到“GLfloat”，可能丢失数据
F:\Desktop\Current\计图\ExperimenterSource\ExperimenterSource\Chapter3\Canvas\canvas.cpp(444,30): warning C4305: “参数”: 从“double”到“GLfloat”截断
F:\Desktop\Current\计图\ExperimenterSource\ExperimenterSource\Chapter3\Canvas\canvas.cpp(446,46): warning C4244: “参数”: 从“double”转换到“GLfloat”，可能丢失数据
F:\Desktop\Current\计图\ExperimenterSource\ExperimenterSource\Chapter3\Canvas\canvas.cpp(446,33): warning C4244: “参数”: 从“double”转换到“GLfloat”，可能丢失数据
F:\Desktop\Current\计图\ExperimenterSource\ExperimenterSource\Chapter3\Canvas\canvas.cpp(446,19): warning C4244: “参数”: 从“double”转换到“GLfloat”，可能丢失数据
F:\Desktop\Current\计图\ExperimenterSource\ExperimenterSource\Chapter3\Canvas\canvas.cpp(451,46): warning C4244: “参数”: 从“double”转换到“GLfloat”，可能丢失数据
F:\Desktop\Current\计图\ExperimenterSource\ExperimenterSource\Chapter3\Canvas\canvas.cpp(451,33): warning C4244: “参数”: 从“double”转换到“GLfloat”，可能丢失数据
F:\Desktop\Current\计图\ExperimenterSource\ExperimenterSource\Chapter3\Canvas\canvas.cpp(451,19): warning C4244: “参数”: 从“double”转换到“GLfloat”，可能丢失数据
F:\Desktop\Current\计图\ExperimenterSource\ExperimenterSource\Chapter3\Canvas\canvas.cpp(456,62): warning C4244: “参数”: 从“double”转换到“GLfloat”，可能丢失数据
F:\Desktop\Current\计图\ExperimenterSource\ExperimenterSource\Chapter3\Canvas\canvas.cpp(456,47): warning C4244: “参数”: 从“double”转换到“GLfloat”，可能丢失数据
F:\Desktop\Current\计图\ExperimenterSource\ExperimenterSource\Chapter3\Canvas\canvas.cpp(456,31): warning C4244: “参数”: 从“double”转换到“GLfloat”，可能丢失数据
F:\Desktop\Current\计图\ExperimenterSource\ExperimenterSource\Chapter3\Canvas\canvas.cpp(456,16): warning C4244: “参数”: 从“double”转换到“GLfloat”，可能丢失数据
F:\Desktop\Current\计图\ExperimenterSource\ExperimenterSource\Chapter3\Canvas\canvas.cpp(464,30): warning C4305: “参数”: 从“double”到“GLfloat”截断
F:\Desktop\Current\计图\ExperimenterSource\ExperimenterSource\Chapter3\Canvas\canvas.cpp(466,46): warning C4244: “参数”: 从“double”转换到“GLfloat”，可能丢失数据
F:\Desktop\Current\计图\ExperimenterSource\ExperimenterSource\Chapter3\Canvas\canvas.cpp(466,33): warning C4244: “参数”: 从“double”转换到“GLfloat”，可能丢失数据
F:\Desktop\Current\计图\ExperimenterSource\ExperimenterSource\Chapter3\Canvas\canvas.cpp(466,19): warning C4244: “参数”: 从“double”转换到“GLfloat”，可能丢失数据
F:\Desktop\Current\计图\ExperimenterSource\ExperimenterSource\Chapter3\Canvas\canvas.cpp(471,46): warning C4244: “参数”: 从“double”转换到“GLfloat”，可能丢失数据
F:\Desktop\Current\计图\ExperimenterSource\ExperimenterSource\Chapter3\Canvas\canvas.cpp(471,33): warning C4244: “参数”: 从“double”转换到“GLfloat”，可能丢失数据
F:\Desktop\Current\计图\ExperimenterSource\ExperimenterSource\Chapter3\Canvas\canvas.cpp(471,19): warning C4244: “参数”: 从“double”转换到“GLfloat”，可能丢失数据
F:\Desktop\Current\计图\ExperimenterSource\ExperimenterSource\Chapter3\Canvas\canvas.cpp(476,46): warning C4244: “参数”: 从“double”转换到“float”，可能丢失数据
F:\Desktop\Current\计图\ExperimenterSource\ExperimenterSource\Chapter3\Canvas\canvas.cpp(476,30): warning C4244: “参数”: 从“double”转换到“float”，可能丢失数据
F:\Desktop\Current\计图\ExperimenterSource\ExperimenterSource\Chapter3\Canvas\canvas.cpp(476,15): warning C4244: “参数”: 从“double”转换到“float”，可能丢失数据
F:\Desktop\Current\计图\ExperimenterSource\ExperimenterSource\Chapter3\Canvas\canvas.cpp(484,30): warning C4305: “参数”: 从“double”到“GLfloat”截断
F:\Desktop\Current\计图\ExperimenterSource\ExperimenterSource\Chapter3\Canvas\canvas.cpp(486,46): warning C4244: “参数”: 从“double”转换到“GLfloat”，可能丢失数据
F:\Desktop\Current\计图\ExperimenterSource\ExperimenterSource\Chapter3\Canvas\canvas.cpp(486,33): warning C4244: “参数”: 从“double”转换到“GLfloat”，可能丢失数据
F:\Desktop\Current\计图\ExperimenterSource\ExperimenterSource\Chapter3\Canvas\canvas.cpp(486,19): warning C4244: “参数”: 从“double”转换到“GLfloat”，可能丢失数据
F:\Desktop\Current\计图\ExperimenterSource\ExperimenterSource\Chapter3\Canvas\canvas.cpp(491,46): warning C4244: “参数”: 从“double”转换到“GLfloat”，可能丢失数据
F:\Desktop\Current\计图\ExperimenterSource\ExperimenterSource\Chapter3\Canvas\canvas.cpp(491,33): warning C4244: “参数”: 从“double”转换到“GLfloat”，可能丢失数据
F:\Desktop\Current\计图\ExperimenterSource\ExperimenterSource\Chapter3\Canvas\canvas.cpp(491,19): warning C4244: “参数”: 从“double”转换到“GLfloat”，可能丢失数据
F:\Desktop\Current\计图\ExperimenterSource\ExperimenterSource\Chapter3\Canvas\canvas.cpp(496,46): warning C4244: “参数”: 从“double”转换到“float”，可能丢失数据
F:\Desktop\Current\计图\ExperimenterSource\ExperimenterSource\Chapter3\Canvas\canvas.cpp(496,30): warning C4244: “参数”: 从“double”转换到“float”，可能丢失数据
F:\Desktop\Current\计图\ExperimenterSource\ExperimenterSource\Chapter3\Canvas\canvas.cpp(496,15): warning C4244: “参数”: 从“double”转换到“float”，可能丢失数据
F:\Desktop\Current\计图\ExperimenterSource\ExperimenterSource\Chapter3\Canvas\canvas.cpp(504,30): warning C4305: “参数”: 从“double”到“GLfloat”截断
F:\Desktop\Current\计图\ExperimenterSource\ExperimenterSource\Chapter3\Canvas\canvas.cpp(506,46): warning C4244: “参数”: 从“double”转换到“GLfloat”，可能丢失数据
F:\Desktop\Current\计图\ExperimenterSource\ExperimenterSource\Chapter3\Canvas\canvas.cpp(506,33): warning C4244: “参数”: 从“double”转换到“GLfloat”，可能丢失数据
F:\Desktop\Current\计图\ExperimenterSource\ExperimenterSource\Chapter3\Canvas\canvas.cpp(506,19): warning C4244: “参数”: 从“double”转换到“GLfloat”，可能丢失数据
F:\Desktop\Current\计图\ExperimenterSource\ExperimenterSource\Chapter3\Canvas\canvas.cpp(511,46): warning C4244: “参数”: 从“double”转换到“GLfloat”，可能丢失数据
F:\Desktop\Current\计图\ExperimenterSource\ExperimenterSource\Chapter3\Canvas\canvas.cpp(511,33): warning C4244: “参数”: 从“double”转换到“GLfloat”，可能丢失数据
F:\Desktop\Current\计图\ExperimenterSource\ExperimenterSource\Chapter3\Canvas\canvas.cpp(511,19): warning C4244: “参数”: 从“double”转换到“GLfloat”，可能丢失数据
F:\Desktop\Current\计图\ExperimenterSource\ExperimenterSource\Chapter3\Canvas\canvas.cpp(515,35): warning C4244: “参数”: 从“double”转换到“GLfloat”，可能丢失数据
F:\Desktop\Current\计图\ExperimenterSource\ExperimenterSource\Chapter3\Canvas\canvas.cpp(515,20): warning C4244: “参数”: 从“double”转换到“GLfloat”，可能丢失数据
F:\Desktop\Current\计图\ExperimenterSource\ExperimenterSource\Chapter3\Canvas\canvas.cpp(516,34): warning C4244: “参数”: 从“double”转换到“GLfloat”，可能丢失数据
F:\Desktop\Current\计图\ExperimenterSource\ExperimenterSource\Chapter3\Canvas\canvas.cpp(516,19): warning C4244: “参数”: 从“double”转换到“GLfloat”，可能丢失数据
F:\Desktop\Current\计图\ExperimenterSource\ExperimenterSource\Chapter3\Canvas\canvas.cpp(517,35): warning C4244: “参数”: 从“double”转换到“GLfloat”，可能丢失数据
F:\Desktop\Current\计图\ExperimenterSource\ExperimenterSource\Chapter3\Canvas\canvas.cpp(517,20): warning C4244: “参数”: 从“double”转换到“GLfloat”，可能丢失数据
F:\Desktop\Current\计图\ExperimenterSource\ExperimenterSource\Chapter3\Canvas\canvas.cpp(518,34): warning C4244: “参数”: 从“double”转换到“GLfloat”，可能丢失数据
F:\Desktop\Current\计图\ExperimenterSource\ExperimenterSource\Chapter3\Canvas\canvas.cpp(518,19): warning C4244: “参数”: 从“double”转换到“GLfloat”，可能丢失数据
F:\Desktop\Current\计图\ExperimenterSource\ExperimenterSource\Chapter3\Canvas\canvas.cpp(525,25): warning C4305: “参数”: 从“double”到“GLfloat”截断
F:\Desktop\Current\计图\ExperimenterSource\ExperimenterSource\Chapter3\Canvas\canvas.cpp(527,62): warning C4244: “参数”: 从“double”转换到“GLfloat”，可能丢失数据
F:\Desktop\Current\计图\ExperimenterSource\ExperimenterSource\Chapter3\Canvas\canvas.cpp(527,24): warning C4244: “参数”: 从“double”转换到“GLfloat”，可能丢失数据
F:\Desktop\Current\计图\ExperimenterSource\ExperimenterSource\Chapter3\Canvas\canvas.cpp(531,62): warning C4244: “参数”: 从“double”转换到“GLfloat”，可能丢失数据
F:\Desktop\Current\计图\ExperimenterSource\ExperimenterSource\Chapter3\Canvas\canvas.cpp(531,24): warning C4244: “参数”: 从“double”转换到“GLfloat”，可能丢失数据
F:\Desktop\Current\计图\ExperimenterSource\ExperimenterSource\Chapter3\Canvas\canvas.cpp(540,20): warning C4244: “参数”: 从“int”转换到“GLfloat”，可能丢失数据
F:\Desktop\Current\计图\ExperimenterSource\ExperimenterSource\Chapter3\Canvas\canvas.cpp(540,13): warning C4244: “参数”: 从“int”转换到“GLfloat”，可能丢失数据
F:\Desktop\Current\计图\ExperimenterSource\ExperimenterSource\Chapter3\Canvas\canvas.cpp(556,22): warning C4244: “参数”: 从“double”转换到“GLfloat”，可能丢失数据
F:\Desktop\Current\计图\ExperimenterSource\ExperimenterSource\Chapter3\Canvas\canvas.cpp(557,31): warning C4244: “参数”: 从“int”转换到“GLfloat”，可能丢失数据
F:\Desktop\Current\计图\ExperimenterSource\ExperimenterSource\Chapter3\Canvas\canvas.cpp(557,22): warning C4244: “参数”: 从“double”转换到“GLfloat”，可能丢失数据
F:\Desktop\Current\计图\ExperimenterSource\ExperimenterSource\Chapter3\Canvas\canvas.cpp(561,35): warning C4244: “参数”: 从“double”转换到“GLfloat”，可能丢失数据
F:\Desktop\Current\计图\ExperimenterSource\ExperimenterSource\Chapter3\Canvas\canvas.cpp(561,18): warning C4244: “参数”: 从“double”转换到“GLfloat”，可能丢失数据
F:\Desktop\Current\计图\ExperimenterSource\ExperimenterSource\Chapter3\Canvas\canvas.cpp(562,29): warning C4244: “参数”: 从“double”转换到“GLfloat”，可能丢失数据
F:\Desktop\Current\计图\ExperimenterSource\ExperimenterSource\Chapter3\Canvas\canvas.cpp(562,14): warning C4244: “参数”: 从“int”转换到“GLfloat”，可能丢失数据
F:\Desktop\Current\计图\ExperimenterSource\ExperimenterSource\Chapter3\Canvas\canvas.cpp(626,54): warning C4244: “参数”: 从“int”转换到“float”，可能丢失数据
F:\Desktop\Current\计图\ExperimenterSource\ExperimenterSource\Chapter3\Canvas\canvas.cpp(626,51): warning C4244: “参数”: 从“int”转换到“float”，可能丢失数据
F:\Desktop\Current\计图\ExperimenterSource\ExperimenterSource\Chapter3\Canvas\canvas.cpp(636,44): warning C4244: “参数”: 从“int”转换到“float”，可能丢失数据
F:\Desktop\Current\计图\ExperimenterSource\ExperimenterSource\Chapter3\Canvas\canvas.cpp(636,41): warning C4244: “参数”: 从“int”转换到“float”，可能丢失数据
F:\Desktop\Current\计图\ExperimenterSource\ExperimenterSource\Chapter3\Canvas\canvas.cpp(636,34): warning C4244: “参数”: 从“int”转换到“float”，可能丢失数据
F:\Desktop\Current\计图\ExperimenterSource\ExperimenterSource\Chapter3\Canvas\canvas.cpp(636,27): warning C4244: “参数”: 从“int”转换到“float”，可能丢失数据
F:\Desktop\Current\计图\ExperimenterSource\ExperimenterSource\Chapter3\Canvas\canvas.cpp(649,49): warning C4244: “参数”: 从“int”转换到“float”，可能丢失数据
F:\Desktop\Current\计图\ExperimenterSource\ExperimenterSource\Chapter3\Canvas\canvas.cpp(649,46): warning C4244: “参数”: 从“int”转换到“float”，可能丢失数据
F:\Desktop\Current\计图\ExperimenterSource\ExperimenterSource\Chapter3\Canvas\canvas.cpp(649,39): warning C4244: “参数”: 从“int”转换到“float”，可能丢失数据
F:\Desktop\Current\计图\ExperimenterSource\ExperimenterSource\Chapter3\Canvas\canvas.cpp(649,32): warning C4244: “参数”: 从“int”转换到“float”，可能丢失数据
F:\Desktop\Current\计图\ExperimenterSource\ExperimenterSource\Chapter3\Canvas\canvas.cpp(662,46): warning C4244: “参数”: 从“int”转换到“float”，可能丢失数据
F:\Desktop\Current\计图\ExperimenterSource\ExperimenterSource\Chapter3\Canvas\canvas.cpp(662,43): warning C4244: “参数”: 从“int”转换到“float”，可能丢失数据
F:\Desktop\Current\计图\ExperimenterSource\ExperimenterSource\Chapter3\Canvas\canvas.cpp(662,36): warning C4244: “参数”: 从“int”转换到“float”，可能丢失数据
F:\Desktop\Current\计图\ExperimenterSource\ExperimenterSource\Chapter3\Canvas\canvas.cpp(662,29): warning C4244: “参数”: 从“int”转换到“float”，可能丢失数据
F:\Desktop\Current\计图\ExperimenterSource\ExperimenterSource\Chapter3\Canvas\canvas.cpp(675,47): warning C4244: “参数”: 从“int”转换到“float”，可能丢失数据
F:\Desktop\Current\计图\ExperimenterSource\ExperimenterSource\Chapter3\Canvas\canvas.cpp(675,44): warning C4244: “参数”: 从“int”转换到“float”，可能丢失数据
F:\Desktop\Current\计图\ExperimenterSource\ExperimenterSource\Chapter3\Canvas\canvas.cpp(675,37): warning C4244: “参数”: 从“int”转换到“float”，可能丢失数据
F:\Desktop\Current\计图\ExperimenterSource\ExperimenterSource\Chapter3\Canvas\canvas.cpp(675,30): warning C4244: “参数”: 从“int”转换到“float”，可能丢失数据
F:\Desktop\Current\计图\ExperimenterSource\ExperimenterSource\Chapter3\Canvas\canvas.cpp(688,56): warning C4244: “参数”: 从“int”转换到“float”，可能丢失数据
F:\Desktop\Current\计图\ExperimenterSource\ExperimenterSource\Chapter3\Canvas\canvas.cpp(688,53): warning C4244: “参数”: 从“int”转换到“float”，可能丢失数据
F:\Desktop\Current\计图\ExperimenterSource\ExperimenterSource\Chapter3\Canvas\canvas.cpp(688,46): warning C4244: “参数”: 从“int”转换到“float”，可能丢失数据
F:\Desktop\Current\计图\ExperimenterSource\ExperimenterSource\Chapter3\Canvas\canvas.cpp(688,39): warning C4244: “参数”: 从“int”转换到“float”，可能丢失数据
  Canvas.vcxproj -> F:\Desktop\Current\计图\ExperimenterSource\ExperimenterSource\Chapter3\Canvas\Debug\Canvas.exe
